E:\TEAM BUILDING\LEARN\LIBEVENT-2.1.11-STABLE\LIBEVENT-2.1.11-STABLE\BUILD\BIN\DEBUG\EVENT_CORE.DLL
E:\TEAM BUILDING\LEARN\LIBEVENT-2.1.11-STABLE\LIBEVENT-2.1.11-STABLE\BUILD\BIN\DEBUG\EVENT_CORE.ILK
E:\TEAM BUILDING\LEARN\LIBEVENT-2.1.11-STABLE\LIBEVENT-2.1.11-STABLE\BUILD\BIN\DEBUG\EVENT_CORE.PDB
E:\TEAM BUILDING\LEARN\LIBEVENT-2.1.11-STABLE\LIBEVENT-2.1.11-STABLE\BUILD\CMAKEFILES\GENERATE.STAMP
E:\TEAM BUILDING\LEARN\LIBEVENT-2.1.11-STABLE\LIBEVENT-2.1.11-STABLE\BUILD\EVENT_CORE_SHARED.DIR\DEBUG\BUFFER.OBJ
E:\TEAM BUILDING\LEARN\LIBEVENT-2.1.11-STABLE\LIBEVENT-2.1.11-STABLE\BUILD\EVENT_CORE_SHARED.DIR\DEBUG\BUFFER_IOCP.OBJ
E:\TEAM BUILDING\LEARN\LIBEVENT-2.1.11-STABLE\LIBEVENT-2.1.11-STABLE\BUILD\EVENT_CORE_SHARED.DIR\DEBUG\BUFFEREVENT.OBJ
E:\TEAM BUILDING\LEARN\LIBEVENT-2.1.11-STABLE\LIBEVENT-2.1.11-STABLE\BUILD\EVENT_CORE_SHARED.DIR\DEBUG\BUFFEREVENT_ASYNC.OBJ
E:\TEAM BUILDING\LEARN\LIBEVENT-2.1.11-STABLE\LIBEVENT-2.1.11-STABLE\BUILD\EVENT_CORE_SHARED.DIR\DEBUG\BUFFEREVENT_FILTER.OBJ
E:\TEAM BUILDING\LEARN\LIBEVENT-2.1.11-STABLE\LIBEVENT-2.1.11-STABLE\BUILD\EVENT_CORE_SHARED.DIR\DEBUG\BUFFEREVENT_PAIR.OBJ
E:\TEAM BUILDING\LEARN\LIBEVENT-2.1.11-STABLE\LIBEVENT-2.1.11-STABLE\BUILD\EVENT_CORE_SHARED.DIR\DEBUG\BUFFEREVENT_RATELIM.OBJ
E:\TEAM BUILDING\LEARN\LIBEVENT-2.1.11-STABLE\LIBEVENT-2.1.11-STABLE\BUILD\EVENT_CORE_SHARED.DIR\DEBUG\BUFFEREVENT_SOCK.OBJ
E:\Team Building\learn\libevent-2.1.11-stable\libevent-2.1.11-stable\build\event_core_shared.dir\Debug\cl.command.1.tlog
E:\Team Building\learn\libevent-2.1.11-stable\libevent-2.1.11-stable\build\event_core_shared.dir\Debug\CL.read.1.tlog
E:\Team Building\learn\libevent-2.1.11-stable\libevent-2.1.11-stable\build\event_core_shared.dir\Debug\CL.write.1.tlog
E:\Team Building\learn\libevent-2.1.11-stable\libevent-2.1.11-stable\build\event_core_shared.dir\Debug\custombuild.command.1.tlog
E:\Team Building\learn\libevent-2.1.11-stable\libevent-2.1.11-stable\build\event_core_shared.dir\Debug\custombuild.read.1.tlog
E:\Team Building\learn\libevent-2.1.11-stable\libevent-2.1.11-stable\build\event_core_shared.dir\Debug\custombuild.write.1.tlog
E:\TEAM BUILDING\LEARN\LIBEVENT-2.1.11-STABLE\LIBEVENT-2.1.11-STABLE\BUILD\EVENT_CORE_SHARED.DIR\DEBUG\EVENT.OBJ
E:\TEAM BUILDING\LEARN\LIBEVENT-2.1.11-STABLE\LIBEVENT-2.1.11-STABLE\BUILD\EVENT_CORE_SHARED.DIR\DEBUG\EVENT_CORE.DLL.EMBED.MANIFEST
E:\TEAM BUILDING\LEARN\LIBEVENT-2.1.11-STABLE\LIBEVENT-2.1.11-STABLE\BUILD\EVENT_CORE_SHARED.DIR\DEBUG\EVENT_CORE.DLL.EMBED.MANIFEST.RES
E:\TEAM BUILDING\LEARN\LIBEVENT-2.1.11-STABLE\LIBEVENT-2.1.11-STABLE\BUILD\EVENT_CORE_SHARED.DIR\DEBUG\EVENT_CORE.DLL.INTERMEDIATE.MANIFEST
E:\Team Building\learn\libevent-2.1.11-stable\libevent-2.1.11-stable\build\event_core_shared.dir\Debug\event_core_manifest.rc
E:\Team Building\learn\libevent-2.1.11-stable\libevent-2.1.11-stable\build\event_core_shared.dir\Debug\event_core_shared.vcxprojResolveAssemblyReference.cache
E:\Team Building\learn\libevent-2.1.11-stable\libevent-2.1.11-stable\build\event_core_shared.dir\Debug\event_core_shared.write.1.tlog
E:\TEAM BUILDING\LEARN\LIBEVENT-2.1.11-STABLE\LIBEVENT-2.1.11-STABLE\BUILD\EVENT_CORE_SHARED.DIR\DEBUG\EVENT_IOCP.OBJ
E:\TEAM BUILDING\LEARN\LIBEVENT-2.1.11-STABLE\LIBEVENT-2.1.11-STABLE\BUILD\EVENT_CORE_SHARED.DIR\DEBUG\EVMAP.OBJ
E:\TEAM BUILDING\LEARN\LIBEVENT-2.1.11-STABLE\LIBEVENT-2.1.11-STABLE\BUILD\EVENT_CORE_SHARED.DIR\DEBUG\EVTHREAD.OBJ
E:\TEAM BUILDING\LEARN\LIBEVENT-2.1.11-STABLE\LIBEVENT-2.1.11-STABLE\BUILD\EVENT_CORE_SHARED.DIR\DEBUG\EVTHREAD_WIN32.OBJ
E:\TEAM BUILDING\LEARN\LIBEVENT-2.1.11-STABLE\LIBEVENT-2.1.11-STABLE\BUILD\EVENT_CORE_SHARED.DIR\DEBUG\EVUTIL.OBJ
E:\TEAM BUILDING\LEARN\LIBEVENT-2.1.11-STABLE\LIBEVENT-2.1.11-STABLE\BUILD\EVENT_CORE_SHARED.DIR\DEBUG\EVUTIL_RAND.OBJ
E:\TEAM BUILDING\LEARN\LIBEVENT-2.1.11-STABLE\LIBEVENT-2.1.11-STABLE\BUILD\EVENT_CORE_SHARED.DIR\DEBUG\EVUTIL_TIME.OBJ
E:\Team Building\learn\libevent-2.1.11-stable\libevent-2.1.11-stable\build\event_core_shared.dir\Debug\link.16240.read.1.tlog
E:\Team Building\learn\libevent-2.1.11-stable\libevent-2.1.11-stable\build\event_core_shared.dir\Debug\link.16240.write.1.tlog
E:\Team Building\learn\libevent-2.1.11-stable\libevent-2.1.11-stable\build\event_core_shared.dir\Debug\link.16240-cvtres.read.1.tlog
E:\Team Building\learn\libevent-2.1.11-stable\libevent-2.1.11-stable\build\event_core_shared.dir\Debug\link.16240-cvtres.write.1.tlog
E:\Team Building\learn\libevent-2.1.11-stable\libevent-2.1.11-stable\build\event_core_shared.dir\Debug\link.command.1.tlog
E:\Team Building\learn\libevent-2.1.11-stable\libevent-2.1.11-stable\build\event_core_shared.dir\Debug\link.read.1.tlog
E:\Team Building\learn\libevent-2.1.11-stable\libevent-2.1.11-stable\build\event_core_shared.dir\Debug\link.write.1.tlog
E:\Team Building\learn\libevent-2.1.11-stable\libevent-2.1.11-stable\build\event_core_shared.dir\Debug\link-cvtres.read.1.tlog
E:\Team Building\learn\libevent-2.1.11-stable\libevent-2.1.11-stable\build\event_core_shared.dir\Debug\link-cvtres.write.1.tlog
E:\TEAM BUILDING\LEARN\LIBEVENT-2.1.11-STABLE\LIBEVENT-2.1.11-STABLE\BUILD\EVENT_CORE_SHARED.DIR\DEBUG\LISTENER.OBJ
E:\TEAM BUILDING\LEARN\LIBEVENT-2.1.11-STABLE\LIBEVENT-2.1.11-STABLE\BUILD\EVENT_CORE_SHARED.DIR\DEBUG\LOG.OBJ
E:\Team Building\learn\libevent-2.1.11-stable\libevent-2.1.11-stable\build\event_core_shared.dir\Debug\mt.command.1.tlog
E:\Team Building\learn\libevent-2.1.11-stable\libevent-2.1.11-stable\build\event_core_shared.dir\Debug\mt.read.1.tlog
E:\Team Building\learn\libevent-2.1.11-stable\libevent-2.1.11-stable\build\event_core_shared.dir\Debug\mt.write.1.tlog
E:\Team Building\learn\libevent-2.1.11-stable\libevent-2.1.11-stable\build\event_core_shared.dir\Debug\rc.command.1.tlog
E:\Team Building\learn\libevent-2.1.11-stable\libevent-2.1.11-stable\build\event_core_shared.dir\Debug\rc.read.1.tlog
E:\Team Building\learn\libevent-2.1.11-stable\libevent-2.1.11-stable\build\event_core_shared.dir\Debug\rc.write.1.tlog
E:\TEAM BUILDING\LEARN\LIBEVENT-2.1.11-STABLE\LIBEVENT-2.1.11-STABLE\BUILD\EVENT_CORE_SHARED.DIR\DEBUG\SIGNAL.OBJ
E:\TEAM BUILDING\LEARN\LIBEVENT-2.1.11-STABLE\LIBEVENT-2.1.11-STABLE\BUILD\EVENT_CORE_SHARED.DIR\DEBUG\STRLCPY.OBJ
E:\Team Building\learn\libevent-2.1.11-stable\libevent-2.1.11-stable\build\event_core_shared.dir\Debug\vc100.idb
E:\TEAM BUILDING\LEARN\LIBEVENT-2.1.11-STABLE\LIBEVENT-2.1.11-STABLE\BUILD\EVENT_CORE_SHARED.DIR\DEBUG\VC100.PDB
E:\TEAM BUILDING\LEARN\LIBEVENT-2.1.11-STABLE\LIBEVENT-2.1.11-STABLE\BUILD\EVENT_CORE_SHARED.DIR\DEBUG\WIN32SELECT.OBJ
E:\Team Building\learn\libevent-2.1.11-stable\libevent-2.1.11-stable\build\lib\Debug\event_core.exp
E:\Team Building\learn\libevent-2.1.11-stable\libevent-2.1.11-stable\build\lib\Debug\event_core.lib
