E:\TEAM BUILDING\LEARN\LIBEVENT-2.1.11-STABLE\LIBEVENT-2.1.11-STABLE\BUILD\BIN\RELEASE\HTTP-SERVER.EXE
E:\TEAM BUILDING\LEARN\LIBEVENT-2.1.11-STABLE\LIBEVENT-2.1.11-STABLE\BUILD\CMAKEFILES\GENERATE.STAMP
E:\Team Building\learn\libevent-2.1.11-stable\libevent-2.1.11-stable\build\http-server.dir\Release\cl.command.1.tlog
E:\Team Building\learn\libevent-2.1.11-stable\libevent-2.1.11-stable\build\http-server.dir\Release\CL.read.1.tlog
E:\Team Building\learn\libevent-2.1.11-stable\libevent-2.1.11-stable\build\http-server.dir\Release\CL.write.1.tlog
E:\Team Building\learn\libevent-2.1.11-stable\libevent-2.1.11-stable\build\http-server.dir\Release\custombuild.command.1.tlog
E:\Team Building\learn\libevent-2.1.11-stable\libevent-2.1.11-stable\build\http-server.dir\Release\custombuild.read.1.tlog
E:\Team Building\learn\libevent-2.1.11-stable\libevent-2.1.11-stable\build\http-server.dir\Release\custombuild.write.1.tlog
E:\TEAM BUILDING\LEARN\LIBEVENT-2.1.11-STABLE\LIBEVENT-2.1.11-STABLE\BUILD\HTTP-SERVER.DIR\RELEASE\GETOPT.OBJ
E:\TEAM BUILDING\LEARN\LIBEVENT-2.1.11-STABLE\LIBEVENT-2.1.11-STABLE\BUILD\HTTP-SERVER.DIR\RELEASE\GETOPT_LONG.OBJ
E:\TEAM BUILDING\LEARN\LIBEVENT-2.1.11-STABLE\LIBEVENT-2.1.11-STABLE\BUILD\HTTP-SERVER.DIR\RELEASE\HTTP-SERVER.EXE.INTERMEDIATE.MANIFEST
E:\TEAM BUILDING\LEARN\LIBEVENT-2.1.11-STABLE\LIBEVENT-2.1.11-STABLE\BUILD\HTTP-SERVER.DIR\RELEASE\HTTP-SERVER.OBJ
E:\Team Building\learn\libevent-2.1.11-stable\libevent-2.1.11-stable\build\http-server.dir\Release\http-server.vcxprojResolveAssemblyReference.cache
E:\Team Building\learn\libevent-2.1.11-stable\libevent-2.1.11-stable\build\http-server.dir\Release\http-server.write.1.tlog
E:\Team Building\learn\libevent-2.1.11-stable\libevent-2.1.11-stable\build\http-server.dir\Release\link.command.1.tlog
E:\Team Building\learn\libevent-2.1.11-stable\libevent-2.1.11-stable\build\http-server.dir\Release\link.read.1.tlog
E:\Team Building\learn\libevent-2.1.11-stable\libevent-2.1.11-stable\build\http-server.dir\Release\link.write.1.tlog
E:\Team Building\learn\libevent-2.1.11-stable\libevent-2.1.11-stable\build\http-server.dir\Release\mt.command.1.tlog
E:\Team Building\learn\libevent-2.1.11-stable\libevent-2.1.11-stable\build\http-server.dir\Release\mt.read.1.tlog
E:\Team Building\learn\libevent-2.1.11-stable\libevent-2.1.11-stable\build\http-server.dir\Release\mt.write.1.tlog
E:\Team Building\learn\libevent-2.1.11-stable\libevent-2.1.11-stable\build\http-server.dir\Release\vc100.idb
E:\Team Building\learn\libevent-2.1.11-stable\libevent-2.1.11-stable\build\http-server.dir\Release\vc100.pdb
