E:\TEAM BUILDING\LEARN\LIBEVENT-2.1.11-STABLE\LIBEVENT-2.1.11-STABLE\BUILD\BIN\RELEASE\EVENT_CORE.DLL
E:\TEAM BUILDING\LEARN\LIBEVENT-2.1.11-STABLE\LIBEVENT-2.1.11-STABLE\BUILD\CMAKEFILES\GENERATE.STAMP
E:\TEAM BUILDING\LEARN\LIBEVENT-2.1.11-STABLE\LIBEVENT-2.1.11-STABLE\BUILD\EVENT_CORE_SHARED.DIR\RELEASE\BUFFER.OBJ
E:\TEAM BUILDING\LEARN\LIBEVENT-2.1.11-STABLE\LIBEVENT-2.1.11-STABLE\BUILD\EVENT_CORE_SHARED.DIR\RELEASE\BUFFER_IOCP.OBJ
E:\TEAM BUILDING\LEARN\LIBEVENT-2.1.11-STABLE\LIBEVENT-2.1.11-STABLE\BUILD\EVENT_CORE_SHARED.DIR\RELEASE\BUFFEREVENT.OBJ
E:\TEAM BUILDING\LEARN\LIBEVENT-2.1.11-STABLE\LIBEVENT-2.1.11-STABLE\BUILD\EVENT_CORE_SHARED.DIR\RELEASE\BUFFEREVENT_ASYNC.OBJ
E:\TEAM BUILDING\LEARN\LIBEVENT-2.1.11-STABLE\LIBEVENT-2.1.11-STABLE\BUILD\EVENT_CORE_SHARED.DIR\RELEASE\BUFFEREVENT_FILTER.OBJ
E:\TEAM BUILDING\LEARN\LIBEVENT-2.1.11-STABLE\LIBEVENT-2.1.11-STABLE\BUILD\EVENT_CORE_SHARED.DIR\RELEASE\BUFFEREVENT_PAIR.OBJ
E:\TEAM BUILDING\LEARN\LIBEVENT-2.1.11-STABLE\LIBEVENT-2.1.11-STABLE\BUILD\EVENT_CORE_SHARED.DIR\RELEASE\BUFFEREVENT_RATELIM.OBJ
E:\TEAM BUILDING\LEARN\LIBEVENT-2.1.11-STABLE\LIBEVENT-2.1.11-STABLE\BUILD\EVENT_CORE_SHARED.DIR\RELEASE\BUFFEREVENT_SOCK.OBJ
E:\Team Building\learn\libevent-2.1.11-stable\libevent-2.1.11-stable\build\event_core_shared.dir\Release\cl.command.1.tlog
E:\Team Building\learn\libevent-2.1.11-stable\libevent-2.1.11-stable\build\event_core_shared.dir\Release\CL.read.1.tlog
E:\Team Building\learn\libevent-2.1.11-stable\libevent-2.1.11-stable\build\event_core_shared.dir\Release\CL.write.1.tlog
E:\Team Building\learn\libevent-2.1.11-stable\libevent-2.1.11-stable\build\event_core_shared.dir\Release\custombuild.command.1.tlog
E:\Team Building\learn\libevent-2.1.11-stable\libevent-2.1.11-stable\build\event_core_shared.dir\Release\custombuild.read.1.tlog
E:\Team Building\learn\libevent-2.1.11-stable\libevent-2.1.11-stable\build\event_core_shared.dir\Release\custombuild.write.1.tlog
E:\TEAM BUILDING\LEARN\LIBEVENT-2.1.11-STABLE\LIBEVENT-2.1.11-STABLE\BUILD\EVENT_CORE_SHARED.DIR\RELEASE\EVENT.OBJ
E:\TEAM BUILDING\LEARN\LIBEVENT-2.1.11-STABLE\LIBEVENT-2.1.11-STABLE\BUILD\EVENT_CORE_SHARED.DIR\RELEASE\EVENT_CORE.DLL.INTERMEDIATE.MANIFEST
E:\Team Building\learn\libevent-2.1.11-stable\libevent-2.1.11-stable\build\event_core_shared.dir\Release\event_core_shared.write.1.tlog
E:\TEAM BUILDING\LEARN\LIBEVENT-2.1.11-STABLE\LIBEVENT-2.1.11-STABLE\BUILD\EVENT_CORE_SHARED.DIR\RELEASE\EVENT_IOCP.OBJ
E:\TEAM BUILDING\LEARN\LIBEVENT-2.1.11-STABLE\LIBEVENT-2.1.11-STABLE\BUILD\EVENT_CORE_SHARED.DIR\RELEASE\EVMAP.OBJ
E:\TEAM BUILDING\LEARN\LIBEVENT-2.1.11-STABLE\LIBEVENT-2.1.11-STABLE\BUILD\EVENT_CORE_SHARED.DIR\RELEASE\EVTHREAD.OBJ
E:\TEAM BUILDING\LEARN\LIBEVENT-2.1.11-STABLE\LIBEVENT-2.1.11-STABLE\BUILD\EVENT_CORE_SHARED.DIR\RELEASE\EVTHREAD_WIN32.OBJ
E:\TEAM BUILDING\LEARN\LIBEVENT-2.1.11-STABLE\LIBEVENT-2.1.11-STABLE\BUILD\EVENT_CORE_SHARED.DIR\RELEASE\EVUTIL.OBJ
E:\TEAM BUILDING\LEARN\LIBEVENT-2.1.11-STABLE\LIBEVENT-2.1.11-STABLE\BUILD\EVENT_CORE_SHARED.DIR\RELEASE\EVUTIL_RAND.OBJ
E:\TEAM BUILDING\LEARN\LIBEVENT-2.1.11-STABLE\LIBEVENT-2.1.11-STABLE\BUILD\EVENT_CORE_SHARED.DIR\RELEASE\EVUTIL_TIME.OBJ
E:\Team Building\learn\libevent-2.1.11-stable\libevent-2.1.11-stable\build\event_core_shared.dir\Release\link.command.1.tlog
E:\Team Building\learn\libevent-2.1.11-stable\libevent-2.1.11-stable\build\event_core_shared.dir\Release\link.read.1.tlog
E:\Team Building\learn\libevent-2.1.11-stable\libevent-2.1.11-stable\build\event_core_shared.dir\Release\link.write.1.tlog
E:\TEAM BUILDING\LEARN\LIBEVENT-2.1.11-STABLE\LIBEVENT-2.1.11-STABLE\BUILD\EVENT_CORE_SHARED.DIR\RELEASE\LISTENER.OBJ
E:\TEAM BUILDING\LEARN\LIBEVENT-2.1.11-STABLE\LIBEVENT-2.1.11-STABLE\BUILD\EVENT_CORE_SHARED.DIR\RELEASE\LOG.OBJ
E:\Team Building\learn\libevent-2.1.11-stable\libevent-2.1.11-stable\build\event_core_shared.dir\Release\mt.command.1.tlog
E:\Team Building\learn\libevent-2.1.11-stable\libevent-2.1.11-stable\build\event_core_shared.dir\Release\mt.read.1.tlog
E:\Team Building\learn\libevent-2.1.11-stable\libevent-2.1.11-stable\build\event_core_shared.dir\Release\mt.write.1.tlog
E:\TEAM BUILDING\LEARN\LIBEVENT-2.1.11-STABLE\LIBEVENT-2.1.11-STABLE\BUILD\EVENT_CORE_SHARED.DIR\RELEASE\SIGNAL.OBJ
E:\TEAM BUILDING\LEARN\LIBEVENT-2.1.11-STABLE\LIBEVENT-2.1.11-STABLE\BUILD\EVENT_CORE_SHARED.DIR\RELEASE\STRLCPY.OBJ
E:\Team Building\learn\libevent-2.1.11-stable\libevent-2.1.11-stable\build\event_core_shared.dir\Release\vc100.idb
E:\Team Building\learn\libevent-2.1.11-stable\libevent-2.1.11-stable\build\event_core_shared.dir\Release\vc100.pdb
E:\TEAM BUILDING\LEARN\LIBEVENT-2.1.11-STABLE\LIBEVENT-2.1.11-STABLE\BUILD\EVENT_CORE_SHARED.DIR\RELEASE\WIN32SELECT.OBJ
E:\Team Building\learn\libevent-2.1.11-stable\libevent-2.1.11-stable\build\lib\Release\event_core.exp
E:\Team Building\learn\libevent-2.1.11-stable\libevent-2.1.11-stable\build\lib\Release\event_core.lib
