E:\TEAM BUILDING\LEARN\LIBEVENT-2.1.11-STABLE\LIBEVENT-2.1.11-STABLE\BUILD\BIN\DEBUG\EVENT_OPENSSL.DLL
E:\TEAM BUILDING\LEARN\LIBEVENT-2.1.11-STABLE\LIBEVENT-2.1.11-STABLE\BUILD\BIN\DEBUG\EVENT_OPENSSL.ILK
E:\TEAM BUILDING\LEARN\LIBEVENT-2.1.11-STABLE\LIBEVENT-2.1.11-STABLE\BUILD\BIN\DEBUG\EVENT_OPENSSL.PDB
E:\TEAM BUILDING\LEARN\LIBEVENT-2.1.11-STABLE\LIBEVENT-2.1.11-STABLE\BUILD\CMAKEFILES\GENERATE.STAMP
E:\TEAM BUILDING\LEARN\LIBEVENT-2.1.11-STABLE\LIBEVENT-2.1.11-STABLE\BUILD\EVENT_OPENSSL_SHARED.DIR\DEBUG\BUFFEREVENT_OPENSSL.OBJ
E:\Team Building\learn\libevent-2.1.11-stable\libevent-2.1.11-stable\build\event_openssl_shared.dir\Debug\cl.command.1.tlog
E:\Team Building\learn\libevent-2.1.11-stable\libevent-2.1.11-stable\build\event_openssl_shared.dir\Debug\CL.read.1.tlog
E:\Team Building\learn\libevent-2.1.11-stable\libevent-2.1.11-stable\build\event_openssl_shared.dir\Debug\CL.write.1.tlog
E:\Team Building\learn\libevent-2.1.11-stable\libevent-2.1.11-stable\build\event_openssl_shared.dir\Debug\custombuild.command.1.tlog
E:\Team Building\learn\libevent-2.1.11-stable\libevent-2.1.11-stable\build\event_openssl_shared.dir\Debug\custombuild.read.1.tlog
E:\Team Building\learn\libevent-2.1.11-stable\libevent-2.1.11-stable\build\event_openssl_shared.dir\Debug\custombuild.write.1.tlog
E:\TEAM BUILDING\LEARN\LIBEVENT-2.1.11-STABLE\LIBEVENT-2.1.11-STABLE\BUILD\EVENT_OPENSSL_SHARED.DIR\DEBUG\EVENT_OPENSSL.DLL.EMBED.MANIFEST
E:\TEAM BUILDING\LEARN\LIBEVENT-2.1.11-STABLE\LIBEVENT-2.1.11-STABLE\BUILD\EVENT_OPENSSL_SHARED.DIR\DEBUG\EVENT_OPENSSL.DLL.EMBED.MANIFEST.RES
E:\TEAM BUILDING\LEARN\LIBEVENT-2.1.11-STABLE\LIBEVENT-2.1.11-STABLE\BUILD\EVENT_OPENSSL_SHARED.DIR\DEBUG\EVENT_OPENSSL.DLL.INTERMEDIATE.MANIFEST
E:\Team Building\learn\libevent-2.1.11-stable\libevent-2.1.11-stable\build\event_openssl_shared.dir\Debug\event_openssl_manifest.rc
E:\Team Building\learn\libevent-2.1.11-stable\libevent-2.1.11-stable\build\event_openssl_shared.dir\Debug\event_openssl_shared.vcxprojResolveAssemblyReference.cache
E:\Team Building\learn\libevent-2.1.11-stable\libevent-2.1.11-stable\build\event_openssl_shared.dir\Debug\event_openssl_shared.write.1.tlog
E:\Team Building\learn\libevent-2.1.11-stable\libevent-2.1.11-stable\build\event_openssl_shared.dir\Debug\link.20832.read.1.tlog
E:\Team Building\learn\libevent-2.1.11-stable\libevent-2.1.11-stable\build\event_openssl_shared.dir\Debug\link.20832.write.1.tlog
E:\Team Building\learn\libevent-2.1.11-stable\libevent-2.1.11-stable\build\event_openssl_shared.dir\Debug\link.20832-cvtres.read.1.tlog
E:\Team Building\learn\libevent-2.1.11-stable\libevent-2.1.11-stable\build\event_openssl_shared.dir\Debug\link.20832-cvtres.write.1.tlog
E:\Team Building\learn\libevent-2.1.11-stable\libevent-2.1.11-stable\build\event_openssl_shared.dir\Debug\link.command.1.tlog
E:\Team Building\learn\libevent-2.1.11-stable\libevent-2.1.11-stable\build\event_openssl_shared.dir\Debug\link.read.1.tlog
E:\Team Building\learn\libevent-2.1.11-stable\libevent-2.1.11-stable\build\event_openssl_shared.dir\Debug\link.write.1.tlog
E:\Team Building\learn\libevent-2.1.11-stable\libevent-2.1.11-stable\build\event_openssl_shared.dir\Debug\link-cvtres.read.1.tlog
E:\Team Building\learn\libevent-2.1.11-stable\libevent-2.1.11-stable\build\event_openssl_shared.dir\Debug\link-cvtres.write.1.tlog
E:\Team Building\learn\libevent-2.1.11-stable\libevent-2.1.11-stable\build\event_openssl_shared.dir\Debug\mt.command.1.tlog
E:\Team Building\learn\libevent-2.1.11-stable\libevent-2.1.11-stable\build\event_openssl_shared.dir\Debug\mt.read.1.tlog
E:\Team Building\learn\libevent-2.1.11-stable\libevent-2.1.11-stable\build\event_openssl_shared.dir\Debug\mt.write.1.tlog
E:\Team Building\learn\libevent-2.1.11-stable\libevent-2.1.11-stable\build\event_openssl_shared.dir\Debug\rc.command.1.tlog
E:\Team Building\learn\libevent-2.1.11-stable\libevent-2.1.11-stable\build\event_openssl_shared.dir\Debug\rc.read.1.tlog
E:\Team Building\learn\libevent-2.1.11-stable\libevent-2.1.11-stable\build\event_openssl_shared.dir\Debug\rc.write.1.tlog
E:\Team Building\learn\libevent-2.1.11-stable\libevent-2.1.11-stable\build\event_openssl_shared.dir\Debug\vc100.idb
E:\TEAM BUILDING\LEARN\LIBEVENT-2.1.11-STABLE\LIBEVENT-2.1.11-STABLE\BUILD\EVENT_OPENSSL_SHARED.DIR\DEBUG\VC100.PDB
E:\Team Building\learn\libevent-2.1.11-stable\libevent-2.1.11-stable\build\lib\Debug\event_openssl.exp
E:\Team Building\learn\libevent-2.1.11-stable\libevent-2.1.11-stable\build\lib\Debug\event_openssl.lib
