E:\TEAM BUILDING\LEARN\LIBEVENT-2.1.11-STABLE\LIBEVENT-2.1.11-STABLE\BUILD\BIN\DEBUG\HTTP-CONNECT.EXE
E:\TEAM BUILDING\LEARN\LIBEVENT-2.1.11-STABLE\LIBEVENT-2.1.11-STABLE\BUILD\BIN\DEBUG\HTTP-CONNECT.ILK
E:\TEAM BUILDING\LEARN\LIBEVENT-2.1.11-STABLE\LIBEVENT-2.1.11-STABLE\BUILD\BIN\DEBUG\HTTP-CONNECT.PDB
E:\TEAM BUILDING\LEARN\LIBEVENT-2.1.11-STABLE\LIBEVENT-2.1.11-STABLE\BUILD\CMAKEFILES\GENERATE.STAMP
E:\Team Building\learn\libevent-2.1.11-stable\libevent-2.1.11-stable\build\http-connect.dir\Debug\cl.command.1.tlog
E:\Team Building\learn\libevent-2.1.11-stable\libevent-2.1.11-stable\build\http-connect.dir\Debug\CL.read.1.tlog
E:\Team Building\learn\libevent-2.1.11-stable\libevent-2.1.11-stable\build\http-connect.dir\Debug\CL.write.1.tlog
E:\Team Building\learn\libevent-2.1.11-stable\libevent-2.1.11-stable\build\http-connect.dir\Debug\custombuild.command.1.tlog
E:\Team Building\learn\libevent-2.1.11-stable\libevent-2.1.11-stable\build\http-connect.dir\Debug\custombuild.read.1.tlog
E:\Team Building\learn\libevent-2.1.11-stable\libevent-2.1.11-stable\build\http-connect.dir\Debug\custombuild.write.1.tlog
E:\TEAM BUILDING\LEARN\LIBEVENT-2.1.11-STABLE\LIBEVENT-2.1.11-STABLE\BUILD\HTTP-CONNECT.DIR\DEBUG\HTTP-CONNECT.EXE.EMBED.MANIFEST
E:\TEAM BUILDING\LEARN\LIBEVENT-2.1.11-STABLE\LIBEVENT-2.1.11-STABLE\BUILD\HTTP-CONNECT.DIR\DEBUG\HTTP-CONNECT.EXE.EMBED.MANIFEST.RES
E:\TEAM BUILDING\LEARN\LIBEVENT-2.1.11-STABLE\LIBEVENT-2.1.11-STABLE\BUILD\HTTP-CONNECT.DIR\DEBUG\HTTP-CONNECT.EXE.INTERMEDIATE.MANIFEST
E:\TEAM BUILDING\LEARN\LIBEVENT-2.1.11-STABLE\LIBEVENT-2.1.11-STABLE\BUILD\HTTP-CONNECT.DIR\DEBUG\HTTP-CONNECT.OBJ
E:\Team Building\learn\libevent-2.1.11-stable\libevent-2.1.11-stable\build\http-connect.dir\Debug\http-connect.vcxprojResolveAssemblyReference.cache
E:\Team Building\learn\libevent-2.1.11-stable\libevent-2.1.11-stable\build\http-connect.dir\Debug\http-connect.write.1.tlog
E:\Team Building\learn\libevent-2.1.11-stable\libevent-2.1.11-stable\build\http-connect.dir\Debug\http-connect_manifest.rc
E:\Team Building\learn\libevent-2.1.11-stable\libevent-2.1.11-stable\build\http-connect.dir\Debug\link.18240.read.1.tlog
E:\Team Building\learn\libevent-2.1.11-stable\libevent-2.1.11-stable\build\http-connect.dir\Debug\link.18240.write.1.tlog
E:\Team Building\learn\libevent-2.1.11-stable\libevent-2.1.11-stable\build\http-connect.dir\Debug\link.18240-cvtres.read.1.tlog
E:\Team Building\learn\libevent-2.1.11-stable\libevent-2.1.11-stable\build\http-connect.dir\Debug\link.18240-cvtres.write.1.tlog
E:\Team Building\learn\libevent-2.1.11-stable\libevent-2.1.11-stable\build\http-connect.dir\Debug\link.command.1.tlog
E:\Team Building\learn\libevent-2.1.11-stable\libevent-2.1.11-stable\build\http-connect.dir\Debug\link.read.1.tlog
E:\Team Building\learn\libevent-2.1.11-stable\libevent-2.1.11-stable\build\http-connect.dir\Debug\link.write.1.tlog
E:\Team Building\learn\libevent-2.1.11-stable\libevent-2.1.11-stable\build\http-connect.dir\Debug\link-cvtres.read.1.tlog
E:\Team Building\learn\libevent-2.1.11-stable\libevent-2.1.11-stable\build\http-connect.dir\Debug\link-cvtres.write.1.tlog
E:\Team Building\learn\libevent-2.1.11-stable\libevent-2.1.11-stable\build\http-connect.dir\Debug\mt.command.1.tlog
E:\Team Building\learn\libevent-2.1.11-stable\libevent-2.1.11-stable\build\http-connect.dir\Debug\mt.read.1.tlog
E:\Team Building\learn\libevent-2.1.11-stable\libevent-2.1.11-stable\build\http-connect.dir\Debug\mt.write.1.tlog
E:\Team Building\learn\libevent-2.1.11-stable\libevent-2.1.11-stable\build\http-connect.dir\Debug\rc.command.1.tlog
E:\Team Building\learn\libevent-2.1.11-stable\libevent-2.1.11-stable\build\http-connect.dir\Debug\rc.read.1.tlog
E:\Team Building\learn\libevent-2.1.11-stable\libevent-2.1.11-stable\build\http-connect.dir\Debug\rc.write.1.tlog
E:\Team Building\learn\libevent-2.1.11-stable\libevent-2.1.11-stable\build\http-connect.dir\Debug\vc100.idb
E:\TEAM BUILDING\LEARN\LIBEVENT-2.1.11-STABLE\LIBEVENT-2.1.11-STABLE\BUILD\HTTP-CONNECT.DIR\DEBUG\VC100.PDB
