E:\TEAM BUILDING\LEARN\LIBEVENT-2.1.11-STABLE\LIBEVENT-2.1.11-STABLE\BUILD\BIN\DEBUG\DNS-EXAMPLE.EXE
E:\TEAM BUILDING\LEARN\LIBEVENT-2.1.11-STABLE\LIBEVENT-2.1.11-STABLE\BUILD\BIN\DEBUG\DNS-EXAMPLE.ILK
E:\TEAM BUILDING\LEARN\LIBEVENT-2.1.11-STABLE\LIBEVENT-2.1.11-STABLE\BUILD\BIN\DEBUG\DNS-EXAMPLE.PDB
E:\TEAM BUILDING\LEARN\LIBEVENT-2.1.11-STABLE\LIBEVENT-2.1.11-STABLE\BUILD\CMAKEFILES\GENERATE.STAMP
E:\Team Building\learn\libevent-2.1.11-stable\libevent-2.1.11-stable\build\dns-example.dir\Debug\cl.command.1.tlog
E:\Team Building\learn\libevent-2.1.11-stable\libevent-2.1.11-stable\build\dns-example.dir\Debug\CL.read.1.tlog
E:\Team Building\learn\libevent-2.1.11-stable\libevent-2.1.11-stable\build\dns-example.dir\Debug\CL.write.1.tlog
E:\Team Building\learn\libevent-2.1.11-stable\libevent-2.1.11-stable\build\dns-example.dir\Debug\custombuild.command.1.tlog
E:\Team Building\learn\libevent-2.1.11-stable\libevent-2.1.11-stable\build\dns-example.dir\Debug\custombuild.read.1.tlog
E:\Team Building\learn\libevent-2.1.11-stable\libevent-2.1.11-stable\build\dns-example.dir\Debug\custombuild.write.1.tlog
E:\TEAM BUILDING\LEARN\LIBEVENT-2.1.11-STABLE\LIBEVENT-2.1.11-STABLE\BUILD\DNS-EXAMPLE.DIR\DEBUG\DNS-EXAMPLE.EXE.EMBED.MANIFEST
E:\TEAM BUILDING\LEARN\LIBEVENT-2.1.11-STABLE\LIBEVENT-2.1.11-STABLE\BUILD\DNS-EXAMPLE.DIR\DEBUG\DNS-EXAMPLE.EXE.EMBED.MANIFEST.RES
E:\TEAM BUILDING\LEARN\LIBEVENT-2.1.11-STABLE\LIBEVENT-2.1.11-STABLE\BUILD\DNS-EXAMPLE.DIR\DEBUG\DNS-EXAMPLE.EXE.INTERMEDIATE.MANIFEST
E:\TEAM BUILDING\LEARN\LIBEVENT-2.1.11-STABLE\LIBEVENT-2.1.11-STABLE\BUILD\DNS-EXAMPLE.DIR\DEBUG\DNS-EXAMPLE.OBJ
E:\Team Building\learn\libevent-2.1.11-stable\libevent-2.1.11-stable\build\dns-example.dir\Debug\dns-example.vcxprojResolveAssemblyReference.cache
E:\Team Building\learn\libevent-2.1.11-stable\libevent-2.1.11-stable\build\dns-example.dir\Debug\dns-example.write.1.tlog
E:\Team Building\learn\libevent-2.1.11-stable\libevent-2.1.11-stable\build\dns-example.dir\Debug\dns-example_manifest.rc
E:\TEAM BUILDING\LEARN\LIBEVENT-2.1.11-STABLE\LIBEVENT-2.1.11-STABLE\BUILD\DNS-EXAMPLE.DIR\DEBUG\GETOPT.OBJ
E:\TEAM BUILDING\LEARN\LIBEVENT-2.1.11-STABLE\LIBEVENT-2.1.11-STABLE\BUILD\DNS-EXAMPLE.DIR\DEBUG\GETOPT_LONG.OBJ
E:\Team Building\learn\libevent-2.1.11-stable\libevent-2.1.11-stable\build\dns-example.dir\Debug\link.15356.read.1.tlog
E:\Team Building\learn\libevent-2.1.11-stable\libevent-2.1.11-stable\build\dns-example.dir\Debug\link.15356.write.1.tlog
E:\Team Building\learn\libevent-2.1.11-stable\libevent-2.1.11-stable\build\dns-example.dir\Debug\link.15356-cvtres.read.1.tlog
E:\Team Building\learn\libevent-2.1.11-stable\libevent-2.1.11-stable\build\dns-example.dir\Debug\link.15356-cvtres.write.1.tlog
E:\Team Building\learn\libevent-2.1.11-stable\libevent-2.1.11-stable\build\dns-example.dir\Debug\link.command.1.tlog
E:\Team Building\learn\libevent-2.1.11-stable\libevent-2.1.11-stable\build\dns-example.dir\Debug\link.read.1.tlog
E:\Team Building\learn\libevent-2.1.11-stable\libevent-2.1.11-stable\build\dns-example.dir\Debug\link.write.1.tlog
E:\Team Building\learn\libevent-2.1.11-stable\libevent-2.1.11-stable\build\dns-example.dir\Debug\link-cvtres.read.1.tlog
E:\Team Building\learn\libevent-2.1.11-stable\libevent-2.1.11-stable\build\dns-example.dir\Debug\link-cvtres.write.1.tlog
E:\Team Building\learn\libevent-2.1.11-stable\libevent-2.1.11-stable\build\dns-example.dir\Debug\mt.command.1.tlog
E:\Team Building\learn\libevent-2.1.11-stable\libevent-2.1.11-stable\build\dns-example.dir\Debug\mt.read.1.tlog
E:\Team Building\learn\libevent-2.1.11-stable\libevent-2.1.11-stable\build\dns-example.dir\Debug\mt.write.1.tlog
E:\Team Building\learn\libevent-2.1.11-stable\libevent-2.1.11-stable\build\dns-example.dir\Debug\rc.command.1.tlog
E:\Team Building\learn\libevent-2.1.11-stable\libevent-2.1.11-stable\build\dns-example.dir\Debug\rc.read.1.tlog
E:\Team Building\learn\libevent-2.1.11-stable\libevent-2.1.11-stable\build\dns-example.dir\Debug\rc.write.1.tlog
E:\Team Building\learn\libevent-2.1.11-stable\libevent-2.1.11-stable\build\dns-example.dir\Debug\vc100.idb
E:\TEAM BUILDING\LEARN\LIBEVENT-2.1.11-STABLE\LIBEVENT-2.1.11-STABLE\BUILD\DNS-EXAMPLE.DIR\DEBUG\VC100.PDB
