E:\TEAM BUILDING\LEARN\LIBEVENT-2.1.11-STABLE\LIBEVENT-2.1.11-STABLE\BUILD\BIN\RELEASE\EVENT_EXTRA.DLL
E:\TEAM BUILDING\LEARN\LIBEVENT-2.1.11-STABLE\LIBEVENT-2.1.11-STABLE\BUILD\CMAKEFILES\GENERATE.STAMP
E:\Team Building\learn\libevent-2.1.11-stable\libevent-2.1.11-stable\build\event_extra_shared.dir\Release\cl.command.1.tlog
E:\Team Building\learn\libevent-2.1.11-stable\libevent-2.1.11-stable\build\event_extra_shared.dir\Release\CL.read.1.tlog
E:\Team Building\learn\libevent-2.1.11-stable\libevent-2.1.11-stable\build\event_extra_shared.dir\Release\CL.write.1.tlog
E:\Team Building\learn\libevent-2.1.11-stable\libevent-2.1.11-stable\build\event_extra_shared.dir\Release\custombuild.command.1.tlog
E:\Team Building\learn\libevent-2.1.11-stable\libevent-2.1.11-stable\build\event_extra_shared.dir\Release\custombuild.read.1.tlog
E:\Team Building\learn\libevent-2.1.11-stable\libevent-2.1.11-stable\build\event_extra_shared.dir\Release\custombuild.write.1.tlog
E:\TEAM BUILDING\LEARN\LIBEVENT-2.1.11-STABLE\LIBEVENT-2.1.11-STABLE\BUILD\EVENT_EXTRA_SHARED.DIR\RELEASE\EVDNS.OBJ
E:\TEAM BUILDING\LEARN\LIBEVENT-2.1.11-STABLE\LIBEVENT-2.1.11-STABLE\BUILD\EVENT_EXTRA_SHARED.DIR\RELEASE\EVENT_EXTRA.DLL.INTERMEDIATE.MANIFEST
E:\Team Building\learn\libevent-2.1.11-stable\libevent-2.1.11-stable\build\event_extra_shared.dir\Release\event_extra_shared.write.1.tlog
E:\TEAM BUILDING\LEARN\LIBEVENT-2.1.11-STABLE\LIBEVENT-2.1.11-STABLE\BUILD\EVENT_EXTRA_SHARED.DIR\RELEASE\EVENT_TAGGING.OBJ
E:\TEAM BUILDING\LEARN\LIBEVENT-2.1.11-STABLE\LIBEVENT-2.1.11-STABLE\BUILD\EVENT_EXTRA_SHARED.DIR\RELEASE\EVRPC.OBJ
E:\TEAM BUILDING\LEARN\LIBEVENT-2.1.11-STABLE\LIBEVENT-2.1.11-STABLE\BUILD\EVENT_EXTRA_SHARED.DIR\RELEASE\HTTP.OBJ
E:\Team Building\learn\libevent-2.1.11-stable\libevent-2.1.11-stable\build\event_extra_shared.dir\Release\link.command.1.tlog
E:\Team Building\learn\libevent-2.1.11-stable\libevent-2.1.11-stable\build\event_extra_shared.dir\Release\link.read.1.tlog
E:\Team Building\learn\libevent-2.1.11-stable\libevent-2.1.11-stable\build\event_extra_shared.dir\Release\link.write.1.tlog
E:\Team Building\learn\libevent-2.1.11-stable\libevent-2.1.11-stable\build\event_extra_shared.dir\Release\mt.command.1.tlog
E:\Team Building\learn\libevent-2.1.11-stable\libevent-2.1.11-stable\build\event_extra_shared.dir\Release\mt.read.1.tlog
E:\Team Building\learn\libevent-2.1.11-stable\libevent-2.1.11-stable\build\event_extra_shared.dir\Release\mt.write.1.tlog
E:\Team Building\learn\libevent-2.1.11-stable\libevent-2.1.11-stable\build\event_extra_shared.dir\Release\vc100.idb
E:\Team Building\learn\libevent-2.1.11-stable\libevent-2.1.11-stable\build\event_extra_shared.dir\Release\vc100.pdb
E:\Team Building\learn\libevent-2.1.11-stable\libevent-2.1.11-stable\build\lib\Release\event_extra.exp
E:\Team Building\learn\libevent-2.1.11-stable\libevent-2.1.11-stable\build\lib\Release\event_extra.lib
